<?xml version="1.0" encoding="UTF-8"?>
<!-- Generated by org.testng.reporters.JUnitReportReporter -->
<testsuite hostname="DESKTOP-57E78MC" failures="1" tests="10" name="com.testcases.TestRunner" time="121.121" errors="2" timestamp="2024-01-20T12:56:39 IST" skipped="0">
  <testcase classname="com.testcases.TestRunner" name="runScenario" time="4.528"/>
  <system-out/>
  <testcase classname="com.testcases.TestRunner" name="runScenario" time="31.234">
    <error message="stale element reference: stale element not found
  (Session info: chrome=120.0.6099.225)
For documentation on this error, please visit: https://www.selenium.dev/documentation/webdriver/troubleshooting/errors#stale-element-reference-exception
Build info: version: &#039;4.14.1&#039;, revision: &#039;03f8ede370&#039;
System info: os.name: &#039;Windows 10&#039;, os.arch: &#039;amd64&#039;, os.version: &#039;10.0&#039;, java.version: &#039;17.0.6&#039;
Driver info: org.openqa.selenium.chrome.ChromeDriver
Command: [e6d73a30b684ad08902187d70a791591, getElementText {id=43BD97BA73AC62051D4770C2A544372C_element_75}]
Capabilities {acceptInsecureCerts: false, browserName: chrome, browserVersion: 120.0.6099.225, chrome: {chromedriverVersion: 120.0.6099.109 (3419140ab66..., userDataDir: C:\Users\Pradnya\AppData\Lo...}, fedcm:accounts: true, goog:chromeOptions: {debuggerAddress: localhost:51006}, networkConnectionEnabled: false, pageLoadStrategy: normal, platformName: windows, proxy: Proxy(), se:cdp: ws://localhost:51006/devtoo..., se:cdpVersion: 120.0.6099.225, setWindowRect: true, strictFileInteractability: false, timeouts: {implicit: 0, pageLoad: 300000, script: 30000}, unhandledPromptBehavior: dismiss and notify, webauthn:extension:credBlob: true, webauthn:extension:largeBlob: true, webauthn:extension:minPinLength: true, webauthn:extension:prf: true, webauthn:virtualAuthenticators: true}
Element: [[ChromeDriver: chrome on windows (e6d73a30b684ad08902187d70a791591)] -&gt; css selector: h4[class=&quot;product-product&quot;]]
Session ID: e6d73a30b684ad08902187d70a791591" type="org.openqa.selenium.StaleElementReferenceException">
      <![CDATA[org.openqa.selenium.StaleElementReferenceException: stale element reference: stale element not found
  (Session info: chrome=120.0.6099.225)
For documentation on this error, please visit: https://www.selenium.dev/documentation/webdriver/troubleshooting/errors#stale-element-reference-exception
Build info: version: '4.14.1', revision: '03f8ede370'
System info: os.name: 'Windows 10', os.arch: 'amd64', os.version: '10.0', java.version: '17.0.6'
Driver info: org.openqa.selenium.chrome.ChromeDriver
Command: [e6d73a30b684ad08902187d70a791591, getElementText {id=43BD97BA73AC62051D4770C2A544372C_element_75}]
Capabilities {acceptInsecureCerts: false, browserName: chrome, browserVersion: 120.0.6099.225, chrome: {chromedriverVersion: 120.0.6099.109 (3419140ab66..., userDataDir: C:\Users\Pradnya\AppData\Lo...}, fedcm:accounts: true, goog:chromeOptions: {debuggerAddress: localhost:51006}, networkConnectionEnabled: false, pageLoadStrategy: normal, platformName: windows, proxy: Proxy(), se:cdp: ws://localhost:51006/devtoo..., se:cdpVersion: 120.0.6099.225, setWindowRect: true, strictFileInteractability: false, timeouts: {implicit: 0, pageLoad: 300000, script: 30000}, unhandledPromptBehavior: dismiss and notify, webauthn:extension:credBlob: true, webauthn:extension:largeBlob: true, webauthn:extension:minPinLength: true, webauthn:extension:prf: true, webauthn:virtualAuthenticators: true}
Element: [[ChromeDriver: chrome on windows (e6d73a30b684ad08902187d70a791591)] -> css selector: h4[class="product-product"]]
Session ID: e6d73a30b684ad08902187d70a791591
at java.base/jdk.internal.reflect.NativeConstructorAccessorImpl.newInstance0(Native Method)
at java.base/jdk.internal.reflect.NativeConstructorAccessorImpl.newInstance(NativeConstructorAccessorImpl.java:77)
at java.base/jdk.internal.reflect.DelegatingConstructorAccessorImpl.newInstance(DelegatingConstructorAccessorImpl.java:45)
at java.base/java.lang.reflect.Constructor.newInstanceWithCaller(Constructor.java:499)
at java.base/java.lang.reflect.Constructor.newInstance(Constructor.java:480)
at org.openqa.selenium.remote.codec.w3c.W3CHttpResponseCodec.createException(W3CHttpResponseCodec.java:200)
at org.openqa.selenium.remote.codec.w3c.W3CHttpResponseCodec.decode(W3CHttpResponseCodec.java:133)
at org.openqa.selenium.remote.codec.w3c.W3CHttpResponseCodec.decode(W3CHttpResponseCodec.java:52)
at org.openqa.selenium.remote.HttpCommandExecutor.execute(HttpCommandExecutor.java:191)
at org.openqa.selenium.remote.service.DriverCommandExecutor.invokeExecute(DriverCommandExecutor.java:200)
at org.openqa.selenium.remote.service.DriverCommandExecutor.execute(DriverCommandExecutor.java:175)
at org.openqa.selenium.remote.RemoteWebDriver.execute(RemoteWebDriver.java:602)
at org.openqa.selenium.remote.RemoteWebElement.execute(RemoteWebElement.java:224)
at org.openqa.selenium.remote.RemoteWebElement.getText(RemoteWebElement.java:192)
at com.Stepdefinations.PriceFilter_Steps.the_user_should_see_ray_ban_sunglasses_in_the_search_results_within_the_specified_price_range(PriceFilter_Steps.java:61)
at ✽.the user should see "Ray-Ban" sunglasses in the search results within the specified price range(file:///C:/Users/Pradnya/git/Hybrid/src/test/resources/features/VerifyPriceFilter.feature:8)
]]>
    </error>
  </testcase> <!-- runScenario -->
  <system-out/>
  <testcase classname="com.testcases.TestRunner" name="runScenario" time="6.593"/>
  <system-out/>
  <testcase classname="com.testcases.TestRunner" name="runScenario" time="9.504"/>
  <system-out/>
  <testcase classname="com.testcases.TestRunner" name="runScenario" time="13.206"/>
  <system-out/>
  <testcase classname="com.testcases.TestRunner" name="runScenario" time="9.987"/>
  <system-out/>
  <testcase classname="com.testcases.TestRunner" name="runScenario" time="18.360"/>
  <system-out/>
  <testcase classname="com.testcases.TestRunner" name="runScenario" time="6.837">
    <failure message="expected [true] but found [false]" type="java.lang.AssertionError">
      <![CDATA[java.lang.AssertionError: expected [true] but found [false]
at org.testng.Assert.fail(Assert.java:110)
at org.testng.Assert.failNotEquals(Assert.java:1577)
at org.testng.Assert.assertTrue(Assert.java:56)
at org.testng.Assert.assertTrue(Assert.java:66)
at com.Stepdefinations.LogInMyntra_Steps.user_should_be_on_the_myntra_login_page(LogInMyntra_Steps.java:45)
at ✽.User should be on the Myntra login page(file:///C:/Users/Pradnya/git/Hybrid/src/test/resources/features/LogInToMyntra.feature:9)
]]>
    </failure>
  </testcase> <!-- runScenario -->
  <system-out/>
  <testcase classname="com.testcases.TestRunner" name="runScenario" time="9.266"/>
  <system-out/>
  <testcase classname="com.testcases.TestRunner" name="runScenario" time="11.606">
    <error message="no such element: Unable to locate element: {&quot;method&quot;:&quot;css selector&quot;,&quot;selector&quot;:&quot;your-wishlist-selector&quot;}
  (Session info: chrome=120.0.6099.225)
For documentation on this error, please visit: https://www.selenium.dev/documentation/webdriver/troubleshooting/errors#no-such-element-exception
Build info: version: &#039;4.14.1&#039;, revision: &#039;03f8ede370&#039;
System info: os.name: &#039;Windows 10&#039;, os.arch: &#039;amd64&#039;, os.version: &#039;10.0&#039;, java.version: &#039;17.0.6&#039;
Driver info: org.openqa.selenium.chrome.ChromeDriver
Command: [bac88fd65a297f54cc2fc2d3379c38fa, findElement {using=css selector, value=your-wishlist-selector}]
Capabilities {acceptInsecureCerts: false, browserName: chrome, browserVersion: 120.0.6099.225, chrome: {chromedriverVersion: 120.0.6099.109 (3419140ab66..., userDataDir: C:\Users\Pradnya\AppData\Lo...}, fedcm:accounts: true, goog:chromeOptions: {debuggerAddress: localhost:51074}, networkConnectionEnabled: false, pageLoadStrategy: normal, platformName: windows, proxy: Proxy(), se:cdp: ws://localhost:51074/devtoo..., se:cdpVersion: 120.0.6099.225, setWindowRect: true, strictFileInteractability: false, timeouts: {implicit: 0, pageLoad: 300000, script: 30000}, unhandledPromptBehavior: dismiss and notify, webauthn:extension:credBlob: true, webauthn:extension:largeBlob: true, webauthn:extension:minPinLength: true, webauthn:extension:prf: true, webauthn:virtualAuthenticators: true}
Session ID: bac88fd65a297f54cc2fc2d3379c38fa" type="org.openqa.selenium.NoSuchElementException">
      <![CDATA[org.openqa.selenium.NoSuchElementException: no such element: Unable to locate element: {"method":"css selector","selector":"your-wishlist-selector"}
  (Session info: chrome=120.0.6099.225)
For documentation on this error, please visit: https://www.selenium.dev/documentation/webdriver/troubleshooting/errors#no-such-element-exception
Build info: version: '4.14.1', revision: '03f8ede370'
System info: os.name: 'Windows 10', os.arch: 'amd64', os.version: '10.0', java.version: '17.0.6'
Driver info: org.openqa.selenium.chrome.ChromeDriver
Command: [bac88fd65a297f54cc2fc2d3379c38fa, findElement {using=css selector, value=your-wishlist-selector}]
Capabilities {acceptInsecureCerts: false, browserName: chrome, browserVersion: 120.0.6099.225, chrome: {chromedriverVersion: 120.0.6099.109 (3419140ab66..., userDataDir: C:\Users\Pradnya\AppData\Lo...}, fedcm:accounts: true, goog:chromeOptions: {debuggerAddress: localhost:51074}, networkConnectionEnabled: false, pageLoadStrategy: normal, platformName: windows, proxy: Proxy(), se:cdp: ws://localhost:51074/devtoo..., se:cdpVersion: 120.0.6099.225, setWindowRect: true, strictFileInteractability: false, timeouts: {implicit: 0, pageLoad: 300000, script: 30000}, unhandledPromptBehavior: dismiss and notify, webauthn:extension:credBlob: true, webauthn:extension:largeBlob: true, webauthn:extension:minPinLength: true, webauthn:extension:prf: true, webauthn:virtualAuthenticators: true}
Session ID: bac88fd65a297f54cc2fc2d3379c38fa
at java.base/jdk.internal.reflect.NativeConstructorAccessorImpl.newInstance0(Native Method)
at java.base/jdk.internal.reflect.NativeConstructorAccessorImpl.newInstance(NativeConstructorAccessorImpl.java:77)
at java.base/jdk.internal.reflect.DelegatingConstructorAccessorImpl.newInstance(DelegatingConstructorAccessorImpl.java:45)
at java.base/java.lang.reflect.Constructor.newInstanceWithCaller(Constructor.java:499)
at java.base/java.lang.reflect.Constructor.newInstance(Constructor.java:480)
at org.openqa.selenium.remote.codec.w3c.W3CHttpResponseCodec.createException(W3CHttpResponseCodec.java:200)
at org.openqa.selenium.remote.codec.w3c.W3CHttpResponseCodec.decode(W3CHttpResponseCodec.java:133)
at org.openqa.selenium.remote.codec.w3c.W3CHttpResponseCodec.decode(W3CHttpResponseCodec.java:52)
at org.openqa.selenium.remote.HttpCommandExecutor.execute(HttpCommandExecutor.java:191)
at org.openqa.selenium.remote.service.DriverCommandExecutor.invokeExecute(DriverCommandExecutor.java:200)
at org.openqa.selenium.remote.service.DriverCommandExecutor.execute(DriverCommandExecutor.java:175)
at org.openqa.selenium.remote.RemoteWebDriver.execute(RemoteWebDriver.java:602)
at org.openqa.selenium.remote.ElementLocation$ElementFinder$2.findElement(ElementLocation.java:165)
at org.openqa.selenium.remote.ElementLocation.findElement(ElementLocation.java:59)
at org.openqa.selenium.remote.RemoteWebDriver.findElement(RemoteWebDriver.java:359)
at org.openqa.selenium.remote.RemoteWebDriver.findElement(RemoteWebDriver.java:353)
at com.Stepdefinations.ProductAddToWishlist_Steps.user_adds_the_product_to_the_wish_list(ProductAddToWishlist_Steps.java:53)
at ✽.User adds the product to the wish list(file:///C:/Users/Pradnya/git/Hybrid/src/test/resources/features/WishlistProduct.feature:8)
]]>
    </error>
  </testcase> <!-- runScenario -->
  <system-out/>
</testsuite> <!-- com.testcases.TestRunner -->
