<?xml version="1.0" encoding="UTF-8"?>
<!-- Generated by org.testng.reporters.JUnitReportReporter -->
<testsuite hostname="DESKTOP-HE7T000" failures="0" tests="1" name="com.testcases.TestCase" time="9.246" errors="0" timestamp="2024-01-20T23:19:21 IST" skipped="0">
  <testcase classname="com.testcases.TestCase" name="verifyInstagramlinkOnMyntraUsingPageObjectModel" time="9.246"/>
  <system-out/>
</testsuite> <!-- com.testcases.TestCase -->
