<?xml version="1.0" encoding="UTF-8"?>
<!-- Generated by org.testng.reporters.JUnitReportReporter -->
<<<<<<< HEAD
<testsuite hostname="DESKTOP-57E78MC" failures="0" tests="1" name="com.testcases.TestCase" time="8.107" errors="0" timestamp="2024-01-16T15:33:08 IST" skipped="0">
  <testcase classname="com.testcases.TestCase" name="verifyBrsrCompatibility" time="8.107"/>
=======
<testsuite hostname="DESKTOP-HE7T000" failures="0" tests="1" name="com.testcases.TestCase" time="9.610" errors="0" timestamp="2024-01-16T17:37:20 IST" skipped="0">
  <testcase classname="com.testcases.TestCase" name="verifyInstagramlinkOnMyntraUsingPageObjectModel" time="9.610"/>
>>>>>>> stash
  <system-out/>
</testsuite> <!-- com.testcases.TestCase -->
