<?xml version="1.0" encoding="UTF-8"?>
<!-- Generated by org.testng.reporters.JUnitReportReporter -->
<testsuite hostname="DESKTOP-HE7T000" failures="0" tests="1" name="com.testcases.TestCase" time="11.302" errors="0" timestamp="2024-01-03T11:42:08 IST" skipped="0">
  <testcase classname="com.testcases.TestCase" name="verifyManagoBrandProductsUsingPage" time="11.302"/>
  <system-out/>
</testsuite> <!-- com.testcases.TestCase -->
