<?xml version="1.0" encoding="UTF-8"?>
<!-- Generated by org.testng.reporters.JUnitReportReporter -->
<<<<<<< HEAD
<testsuite hostname="DESKTOP-57E78MC" failures="0" tests="1" name="com.testcases.TestCase" time="12.745" errors="0" timestamp="2024-01-13T12:31:10 IST" skipped="0">
  <testcase classname="com.testcases.TestCase" name="verifyTagNavigation" time="12.745"/>
=======
<testsuite hostname="DESKTOP-HE7T000" failures="0" tests="1" name="com.testcases.TestCase" time="11.807" errors="0" timestamp="2024-01-13T12:32:01 IST" skipped="0">
  <testcase classname="com.testcases.TestCase" name="verifyWishListAddProduct" time="11.807"/>
>>>>>>> stash
  <system-out/>
</testsuite> <!-- com.testcases.TestCase -->
